<?xml version="1.0" encoding="UTF-8"?>
<testng-results ignored="0" total="1" passed="1" failed="0" skipped="0">
  <reporter-output>
  </reporter-output>
  <suite started-at="2025-06-02T11:07:52 IST" name="Default suite" finished-at="2025-06-02T11:07:52 IST" duration-ms="58">
    <groups>
    </groups>
    <test started-at="2025-06-02T11:07:52 IST" name="Default test" finished-at="2025-06-02T11:07:52 IST" duration-ms="58">
      <class name="gitbashcommands.Democlass">
        <test-method signature="sample()[pri:0, instance:gitbashcommands.Democlass@712625fd]" started-at="2025-06-02T11:07:52 IST" name="sample" finished-at="2025-06-02T11:07:52 IST" duration-ms="12" status="PASS">
          <reporter-output>
          </reporter-output>
        </test-method> <!-- sample -->
      </class> <!-- gitbashcommands.Democlass -->
    </test> <!-- Default test -->
  </suite> <!-- Default suite -->
</testng-results>
